<?xml version="1.0" encoding="UTF-8"?>
<!-- Generated by org.testng.reporters.JUnitReportReporter -->
<testsuite hostname="LAPTOP-7AU8Q5RQ" failures="0" tests="1" name="com.testcase.ExplicitWait" time="14.023" errors="0" timestamp="2020-08-24T23:09:35 EDT" skipped="0">
  <testcase classname="com.testcase.ExplicitWait" name="Login" time="14.023"/>
  <system-out/>
</testsuite> <!-- com.testcase.ExplicitWait -->
