<?xml version="1.0" encoding="UTF-8"?>
<!-- Generated by org.testng.reporters.JUnitReportReporter -->
<testsuite hostname="LAPTOP-7AU8Q5RQ" failures="0" tests="1" name="com.TestNG.Orangehrm" time="10.554" errors="0" timestamp="2020-08-24T12:00:43 EDT" skipped="0">
  <testcase classname="com.TestNG.Orangehrm" name="Login" time="10.554"/>
  <system-out/>
</testsuite> <!-- com.TestNG.Orangehrm -->
