<?xml version="1.0" encoding="UTF-8"?>
<!-- Generated by org.testng.reporters.JUnitReportReporter -->
<testsuite hostname="LAPTOP-7AU8Q5RQ" failures="0" tests="2" name="practicetestcases.OrangeHrmTestNG" time="3.423" errors="0" timestamp="2020-08-19T12:17:35 EDT" skipped="0">
  <testcase classname="practicetestcases.OrangeHrmTestNG" name="Configuration" time="1.872"/>
  <system-out/>
  <testcase classname="practicetestcases.OrangeHrmTestNG" name="Login" time="1.551"/>
  <system-out/>
</testsuite> <!-- practicetestcases.OrangeHrmTestNG -->
