<?xml version="1.0" encoding="UTF-8"?>
<!-- Generated by org.testng.reporters.JUnitReportReporter -->
<testsuite hostname="LAPTOP-7AU8Q5RQ" failures="0" tests="3" name="com.TestNG.SampleTestCase" time="0.024" errors="0" timestamp="2020-08-18T12:59:25 EDT" skipped="0">
  <testcase classname="com.TestNG.SampleTestCase" name="TestCase2" time="0.009"/>
  <system-out/>
  <testcase classname="com.TestNG.SampleTestCase" name="TestCase3" time="0.004"/>
  <system-out/>
  <testcase classname="com.TestNG.SampleTestCase" name="TestCase1" time="0.011"/>
  <system-out/>
</testsuite> <!-- com.TestNG.SampleTestCase -->
