<?xml version="1.0" encoding="UTF-8"?>
<!-- Generated by org.testng.reporters.JUnitReportReporter -->
<testsuite hostname="LAPTOP-7AU8Q5RQ" failures="0" tests="1" name="com.testcase.ClickAndHold" time="8.295" errors="0" timestamp="2020-08-20T12:15:02 EDT" skipped="0">
  <testcase classname="com.testcase.ClickAndHold" name="actionOn" time="8.295"/>
  <system-out/>
</testsuite> <!-- com.testcase.ClickAndHold -->
