<?xml version="1.0" encoding="UTF-8"?>
<!-- Generated by org.testng.reporters.JUnitReportReporter -->
<testsuite hostname="LAPTOP-7AU8Q5RQ" failures="0" tests="2" name="com.TestNG.DependsUponGroup" time="0.011" errors="0" timestamp="2020-08-19T13:45:00 EDT" skipped="0">
  <testcase classname="com.TestNG.DependsUponGroup" name="TestCase2" time="0.009"/>
  <system-out/>
  <testcase classname="com.TestNG.DependsUponGroup" name="TestCase3" time="0.002"/>
  <system-out/>
</testsuite> <!-- com.TestNG.DependsUponGroup -->
