<?xml version="1.0" encoding="UTF-8"?>
<!-- Generated by org.testng.reporters.JUnitReportReporter -->
<testsuite hostname="LAPTOP-7AU8Q5RQ" failures="0" tests="3" name="com.TestNG.PriorityTestCase" time="0.015" errors="0" timestamp="2020-08-18T13:06:33 EDT" skipped="0">
  <testcase classname="com.TestNG.PriorityTestCase" name="TestCase2" time="0.012"/>
  <system-out/>
  <testcase classname="com.TestNG.PriorityTestCase" name="TestCase3" time="0.002"/>
  <system-out/>
  <testcase classname="com.TestNG.PriorityTestCase" name="TestCase1" time="0.001"/>
  <system-out/>
</testsuite> <!-- com.TestNG.PriorityTestCase -->
