<?xml version="1.0" encoding="UTF-8"?>
<!-- Generated by org.testng.reporters.JUnitReportReporter -->
<testsuite hostname="LAPTOP-7AU8Q5RQ" failures="0" tests="2" name="com.TestNG.CrossBrowser" time="8.647" errors="0" timestamp="2020-08-25T16:33:30 EDT" skipped="0">
  <testcase classname="com.TestNG.CrossBrowser" name="facebook" time="5.286"/>
  <system-out/>
  <testcase classname="com.TestNG.CrossBrowser" name="facebook" time="3.361"/>
  <system-out/>
</testsuite> <!-- com.TestNG.CrossBrowser -->
