<?xml version="1.0" encoding="UTF-8"?>
<!-- Generated by org.testng.reporters.JUnitReportReporter -->
<testsuite hostname="LAPTOP-7AU8Q5RQ" failures="0" tests="1" name="com.testcase.ExplicitWait" time="13.286" errors="0" timestamp="2020-08-21T11:49:44 EDT" skipped="0">
  <testcase classname="com.testcase.ExplicitWait" name="Login" time="13.286"/>
  <system-out/>
</testsuite> <!-- com.testcase.ExplicitWait -->
