<?xml version="1.0" encoding="UTF-8"?>
<!-- Generated by org.testng.reporters.JUnitReportReporter -->
<testsuite hostname="LAPTOP-7AU8Q5RQ" failures="0" tests="1" name="com.testcase.DragandDrop" time="8.493" errors="0" timestamp="2020-08-19T14:15:05 EDT" skipped="0">
  <testcase classname="com.testcase.DragandDrop" name="actionOn" time="8.493"/>
  <system-out/>
</testsuite> <!-- com.testcase.DragandDrop -->
