<?xml version="1.0" encoding="UTF-8"?>
<!-- Generated by org.testng.reporters.JUnitReportReporter -->
<testsuite hostname="LAPTOP-7AU8Q5RQ" failures="0" tests="3" name="com.TestNG.ParallelExecution" time="0.017" errors="0" timestamp="2020-08-18T13:22:50 EDT" skipped="0">
  <testcase classname="com.TestNG.ParallelExecution" name="TestCase3" time="0.003"/>
  <system-out/>
  <testcase classname="com.TestNG.ParallelExecution" name="TestCase2" time="0.003"/>
  <system-out/>
  <testcase classname="com.TestNG.ParallelExecution" name="TestCase1" time="0.011"/>
  <system-out/>
</testsuite> <!-- com.TestNG.ParallelExecution -->
